# JRE version: Java(TM) SE Runtime Environment (8.0_191-b12) (build 1.8.0_191-b12)
# Java VM: Java HotSpot(TM) 64-Bit Server VM (25.191-b12 mixed mode linux-amd64 compressed oops)
Heap:
 PSYoungGen      total 485888K, used 44235K [0x00000000d6780000, 0x00000000f8500000, 0x0000000100000000)
  eden space 419328K, 0% used [0x00000000d6780000,0x00000000d6780000,0x00000000f0100000)
  from space 66560K, 66% used [0x00000000f0100000,0x00000000f2c32f98,0x00000000f4200000)
  to   space 62464K, 0% used [0x00000000f4200000,0x00000000f4200000,0x00000000f7f00000)
 ParOldGen       total 165888K, used 82990K [0x0000000083600000, 0x000000008d800000, 0x00000000d6780000)
  object space 165888K, 50% used [0x0000000083600000,0x000000008870b878,0x000000008d800000)
 Metaspace       used 31322K, capacity 32216K, committed 32512K, reserved 1077248K
  class space    used 3747K, capacity 3989K, committed 4096K, reserved 1048576K
GC Heap History (10 events):
Event: 4.393 GC heap after
Heap after GC invocations=8 (full 1):
 PSYoungGen      total 228864K, used 29156K [0x00000000d6780000, 0x00000000ee700000, 0x0000000100000000)
  eden space 199680K, 0% used [0x00000000d6780000,0x00000000d6780000,0x00000000e2a80000)
  from space 29184K, 99% used [0x00000000e2a80000,0x00000000e46f9328,0x00000000e4700000)
  to   space 37376K, 0% used [0x00000000ec280000,0x00000000ec280000,0x00000000ee700000)
 ParOldGen       total 82432K, used 48195K [0x0000000083600000, 0x0000000088680000, 0x00000000d6780000)
  object space 82432K, 58% used [0x0000000083600000,0x0000000086510dc8,0x0000000088680000)
 Metaspace       used 23138K, capacity 23750K, committed 23936K, reserved 1071104K
  class space    used 2665K, capacity 2859K, committed 2944K, reserved 1048576K
}
Event: 4.945 GC heap before
{Heap before GC invocations=9 (full 1):
 PSYoungGen      total 228864K, used 228836K [0x00000000d6780000, 0x00000000ee700000, 0x0000000100000000)
  eden space 199680K, 100% used [0x00000000d6780000,0x00000000e2a80000,0x00000000e2a80000)
  from space 29184K, 99% used [0x00000000e2a80000,0x00000000e46f9328,0x00000000e4700000)
  to   space 37376K, 0% used [0x00000000ec280000,0x00000000ec280000,0x00000000ee700000)
 ParOldGen       total 82432K, used 48195K [0x0000000083600000, 0x0000000088680000, 0x00000000d6780000)
  object space 82432K, 58% used [0x0000000083600000,0x0000000086510dc8,0x0000000088680000)
 Metaspace       used 23138K, capacity 23750K, committed 23936K, reserved 1071104K
  class space    used 2665K, capacity 2859K, committed 2944K, reserved 1048576K
Event: 5.016 GC heap after
Heap after GC invocations=9 (full 1):
 PSYoungGen      total 344064K, used 37354K [0x00000000d6780000, 0x00000000f0380000, 0x0000000100000000)
  eden space 306688K, 0% used [0x00000000d6780000,0x00000000d6780000,0x00000000e9300000)
  from space 37376K, 99% used [0x00000000ec280000,0x00000000ee6fa808,0x00000000ee700000)
  to   space 48640K, 0% used [0x00000000e9300000,0x00000000e9300000,0x00000000ec280000)
 ParOldGen       total 82432K, used 59958K [0x0000000083600000, 0x0000000088680000, 0x00000000d6780000)
  object space 82432K, 72% used [0x0000000083600000,0x000000008708d958,0x0000000088680000)
 Metaspace       used 23138K, capacity 23750K, committed 23936K, reserved 1071104K
  class space    used 2665K, capacity 2859K, committed 2944K, reserved 1048576K
}
Event: 5.916 GC heap before
{Heap before GC invocations=10 (full 1):
 PSYoungGen      total 344064K, used 344042K [0x00000000d6780000, 0x00000000f0380000, 0x0000000100000000)
  eden space 306688K, 100% used [0x00000000d6780000,0x00000000e9300000,0x00000000e9300000)
  from space 37376K, 99% used [0x00000000ec280000,0x00000000ee6fa808,0x00000000ee700000)
  to   space 48640K, 0% used [0x00000000e9300000,0x00000000e9300000,0x00000000ec280000)
 ParOldGen       total 82432K, used 59958K [0x0000000083600000, 0x0000000088680000, 0x00000000d6780000)
  object space 82432K, 72% used [0x0000000083600000,0x000000008708d958,0x0000000088680000)
 Metaspace       used 23158K, capacity 23750K, committed 23936K, reserved 1071104K
  class space    used 2665K, capacity 2859K, committed 2944K, reserved 1048576K
Event: 6.008 GC heap after
Heap after GC invocations=10 (full 1):
 PSYoungGen      total 355328K, used 48610K [0x00000000d6780000, 0x00000000f7f00000, 0x0000000100000000)
  eden space 306688K, 0% used [0x00000000d6780000,0x00000000d6780000,0x00000000e9300000)
  from space 48640K, 99% used [0x00000000e9300000,0x00000000ec278b70,0x00000000ec280000)
  to   space 62464K, 0% used [0x00000000f4200000,0x00000000f4200000,0x00000000f7f00000)
 ParOldGen       total 82432K, used 74137K [0x0000000083600000, 0x0000000088680000, 0x00000000d6780000)
  object space 82432K, 89% used [0x0000000083600000,0x0000000087e66598,0x0000000088680000)
 Metaspace       used 23158K, capacity 23750K, committed 23936K, reserved 1071104K
  class space    used 2665K, capacity 2859K, committed 2944K, reserved 1048576K
}
Event: 6.008 GC heap before
{Heap before GC invocations=11 (full 2):
 PSYoungGen      total 355328K, used 48610K [0x00000000d6780000, 0x00000000f7f00000, 0x0000000100000000)
  eden space 306688K, 0% used [0x00000000d6780000,0x00000000d6780000,0x00000000e9300000)
  from space 48640K, 99% used [0x00000000e9300000,0x00000000ec278b70,0x00000000ec280000)
  to   space 62464K, 0% used [0x00000000f4200000,0x00000000f4200000,0x00000000f7f00000)
 ParOldGen       total 82432K, used 74137K [0x0000000083600000, 0x0000000088680000, 0x00000000d6780000)
  object space 82432K, 89% used [0x0000000083600000,0x0000000087e66598,0x0000000088680000)
 Metaspace       used 23158K, capacity 23750K, committed 23936K, reserved 1071104K
  class space    used 2665K, capacity 2859K, committed 2944K, reserved 1048576K
Event: 6.172 GC heap after
Heap after GC invocations=11 (full 2):
 PSYoungGen      total 355328K, used 0K [0x00000000d6780000, 0x00000000f7f00000, 0x0000000100000000)
  eden space 306688K, 0% used [0x00000000d6780000,0x00000000d6780000,0x00000000e9300000)
  from space 48640K, 0% used [0x00000000e9300000,0x00000000e9300000,0x00000000ec280000)
  to   space 62464K, 0% used [0x00000000f4200000,0x00000000f4200000,0x00000000f7f00000)
 ParOldGen       total 165888K, used 81853K [0x0000000083600000, 0x000000008d800000, 0x00000000d6780000)
  object space 165888K, 49% used [0x0000000083600000,0x00000000885ef5f0,0x000000008d800000)
 Metaspace       used 23158K, capacity 23750K, committed 23936K, reserved 1071104K
  class space    used 2665K, capacity 2859K, committed 2944K, reserved 1048576K
}
Event: 7.188 GC heap before
{Heap before GC invocations=12 (full 2):
 PSYoungGen      total 355328K, used 306688K [0x00000000d6780000, 0x00000000f7f00000, 0x0000000100000000)
  eden space 306688K, 100% used [0x00000000d6780000,0x00000000e9300000,0x00000000e9300000)
  from space 48640K, 0% used [0x00000000e9300000,0x00000000e9300000,0x00000000ec280000)
  to   space 62464K, 0% used [0x00000000f4200000,0x00000000f4200000,0x00000000f7f00000)
 ParOldGen       total 165888K, used 81853K [0x0000000083600000, 0x000000008d800000, 0x00000000d6780000)
  object space 165888K, 49% used [0x0000000083600000,0x00000000885ef5f0,0x000000008d800000)
 Metaspace       used 23239K, capacity 23820K, committed 23936K, reserved 1071104K
  class space    used 2666K, capacity 2860K, committed 2944K, reserved 1048576K
Event: 7.258 GC heap after
Heap after GC invocations=12 (full 2):
 PSYoungGen      total 481792K, used 47416K [0x00000000d6780000, 0x00000000f8500000, 0x0000000100000000)
  eden space 419328K, 0% used [0x00000000d6780000,0x00000000d6780000,0x00000000f0100000)
  from space 62464K, 75% used [0x00000000f4200000,0x00000000f704e3b8,0x00000000f7f00000)
  to   space 66560K, 0% used [0x00000000f0100000,0x00000000f0100000,0x00000000f4200000)
 ParOldGen       total 165888K, used 81861K [0x0000000083600000, 0x000000008d800000, 0x00000000d6780000)
  object space 165888K, 49% used [0x0000000083600000,0x00000000885f15f0,0x000000008d800000)
 Metaspace       used 23239K, capacity 23820K, committed 23936K, reserved 1071104K
  class space    used 2666K, capacity 2860K, committed 2944K, reserved 1048576K
}
Event: 9.376 GC heap before
{Heap before GC invocations=13 (full 2):
 PSYoungGen      total 481792K, used 466744K [0x00000000d6780000, 0x00000000f8500000, 0x0000000100000000)
  eden space 419328K, 100% used [0x00000000d6780000,0x00000000f0100000,0x00000000f0100000)
  from space 62464K, 75% used [0x00000000f4200000,0x00000000f704e3b8,0x00000000f7f00000)
  to   space 66560K, 0% used [0x00000000f0100000,0x00000000f0100000,0x00000000f4200000)
 ParOldGen       total 165888K, used 81861K [0x0000000083600000, 0x000000008d800000, 0x00000000d6780000)
  object space 165888K, 49% used [0x0000000083600000,0x00000000885f15f0,0x000000008d800000)
 Metaspace       used 31322K, capacity 32216K, committed 32512K, reserved 1077248K
  class space    used 3747K, capacity 3989K, committed 4096K, reserved 1048576K

